  Application.cpp
  AppRuntime.cpp
C:\Program Files\Microsoft Visual Studio\2022\Community\VC\Tools\MSVC\14.35.32215\include\memory(3066,9): warning C5205: delete of an abstract class 'MicroLab::Abstract_Page' that has a non-virtual destructor results in undefined behavior
D:\Repos\MicroReader\MicroReader\Abstract_Page.h(5,8): message : see declaration of 'MicroLab::Abstract_Page'
C:\Program Files\Microsoft Visual Studio\2022\Community\VC\Tools\MSVC\14.35.32215\include\memory(3064,1): message : while compiling class template member function 'void std::default_delete<MicroLab::Abstract_Page>::operator ()(_Ty *) noexcept const'
          with
          [
              _Ty=MicroLab::Abstract_Page
          ]
C:\Program Files\Microsoft Visual Studio\2022\Community\VC\Tools\MSVC\14.35.32215\include\memory(3177,33): message : see reference to function template instantiation 'void std::default_delete<MicroLab::Abstract_Page>::operator ()(_Ty *) noexcept const' being compiled
          with
          [
              _Ty=MicroLab::Abstract_Page
          ]
C:\Program Files\Microsoft Visual Studio\2022\Community\VC\Tools\MSVC\14.35.32215\include\memory(3101): message : see reference to class template instantiation 'std::default_delete<MicroLab::Abstract_Page>' being compiled
D:\Repos\MicroReader\MicroReader\AppRuntime.cpp(23,2): message : see reference to class template instantiation 'std::unique_ptr<MicroLab::Abstract_Page,std::default_delete<MicroLab::Abstract_Page>>' being compiled
  main.cpp
D:\Repos\MicroReader\MicroReader\main.cpp(116,10): warning C4189: 'show_demo_window': local variable is initialized but not referenced
D:\Repos\MicroReader\MicroReader\main.cpp(117,10): warning C4189: 'show_another_window': local variable is initialized but not referenced
  Generating Code...
  example_glfw_opengl3.vcxproj -> D:\Repos\MicroReader\MicroReader\Debug\MicroReader.exe
